<?xml version="1.0" encoding="UTF-8"?>
<testsuite xmlns:xsi="http://www.w3.org/2001/XMLSchema-instance" xsi:noNamespaceSchemaLocation="https://maven.apache.org/surefire/maven-surefire-plugin/xsd/surefire-test-report.xsd" name="TestSuite" time="24.708" tests="3" errors="0" skipped="0" failures="0">
  <properties>
[...]
</properties>
  <testcase name="First" classname="tests.TestClass" time="3.003"/>
  <testcase name="Second" classname="tests.TestClass" time="0.011"/>
  <testcase name="Third" classname="tests.TestClass" time="0.212"/>
</testsuite>