<?xml version="1.0" encoding="UTF-8"?>
<testng-results skipped="0" failed="0" ignored="0" total="3" passed="3">
  <reporter-output>
  </reporter-output>
  <suite name="Suite1" duration-ms="23262" started-at="2018-11-29T12:12:36Z" finished-at="2018-11-29T12:12:59Z">
    <groups>
      <group name="third">
        <method signature="TestClass.Third()[pri:0, instance:tests.TestClass@153f5a29]" name="Third" class="tests.TestClass"/>
      </group> <!-- third -->
      <group name="first">
        <method signature="TestClass.First()[pri:0, instance:tests.TestClass@153f5a29]" name="First" class="tests.TestClass"/>
      </group> <!-- first -->
      <group name="second">
        <method signature="TestClass.Second()[pri:0, instance:tests.TestClass@153f5a29]" name="Second" class="tests.TestClass"/>
      </group> <!-- second -->
    </groups>
    <test name="test1" duration-ms="23262" started-at="2018-11-29T12:12:36Z" finished-at="2018-11-29T12:12:59Z">
      <class name="tests.TestClass">
        <test-method status="PASS" signature="setup()[pri:0, instance:tests.TestClass@153f5a29]" name="setup" is-config="true" duration-ms="5816" started-at="2018-11-29T12:12:36Z" finished-at="2018-11-29T12:12:42Z">
          <reporter-output>
          </reporter-output>
        </test-method> <!-- setup -->
        <test-method status="PASS" signature="First()[pri:0, instance:tests.TestClass@153f5a29]" name="First" duration-ms="3173" started-at="2018-11-29T12:12:42Z" finished-at="2018-11-29T12:12:45Z">
          <reporter-output>
          </reporter-output>
        </test-method> <!-- First -->
        <test-method status="PASS" signature="teardown()[pri:0, instance:tests.TestClass@153f5a29]" name="teardown" is-config="true" duration-ms="940" started-at="2018-11-29T12:12:45Z" finished-at="2018-11-29T12:12:46Z">
          <reporter-output>
          </reporter-output>
        </test-method> <!-- teardown -->
        <test-method status="PASS" signature="setup()[pri:0, instance:tests.TestClass@153f5a29]" name="setup" is-config="true" duration-ms="5269" started-at="2018-11-29T12:12:46Z" finished-at="2018-11-29T12:12:51Z">
          <reporter-output>
          </reporter-output>
        </test-method> <!-- setup -->
        <test-method status="PASS" signature="Second()[pri:0, instance:tests.TestClass@153f5a29]" name="Second" duration-ms="11" started-at="2018-11-29T12:12:51Z" finished-at="2018-11-29T12:12:51Z">
          <reporter-output>
          </reporter-output>
        </test-method> <!-- Second -->
        <test-method status="PASS" signature="teardown()[pri:0, instance:tests.TestClass@153f5a29]" name="teardown" is-config="true" duration-ms="829" started-at="2018-11-29T12:12:51Z" finished-at="2018-11-29T12:12:52Z">
          <reporter-output>
          </reporter-output>
        </test-method> <!-- teardown -->
        <test-method status="PASS" signature="setup()[pri:0, instance:tests.TestClass@153f5a29]" name="setup" is-config="true" duration-ms="5459" started-at="2018-11-29T12:12:52Z" finished-at="2018-11-29T12:12:57Z">
          <reporter-output>
          </reporter-output>
        </test-method> <!-- setup -->
        <test-method status="PASS" signature="Third()[pri:0, instance:tests.TestClass@153f5a29]" name="Third" duration-ms="212" started-at="2018-11-29T12:12:57Z" finished-at="2018-11-29T12:12:58Z">
          <reporter-output>
          </reporter-output>
        </test-method> <!-- Third -->
        <test-method status="PASS" signature="teardown()[pri:0, instance:tests.TestClass@153f5a29]" name="teardown" is-config="true" duration-ms="1508" started-at="2018-11-29T12:12:58Z" finished-at="2018-11-29T12:12:59Z">
          <reporter-output>
          </reporter-output>
        </test-method> <!-- teardown -->
      </class> <!-- tests.TestClass -->
    </test> <!-- test1 -->
  </suite> <!-- Suite1 -->
</testng-results>
