<?xml version="1.0" encoding="UTF-8"?>
<!-- Generated by org.testng.reporters.JUnitXMLReporter -->
<testsuite hostname="vprybeha-w7" ignored="0" tests="4" failures="1" timestamp="13 Dec 2018 13:16:29 GMT" time="53.684" errors="0">
  <testcase name="searchSomething" time="3.534" classname="TestClass"/>
  <testcase name="searchTest" time="0.081" classname="TestClass"/>
  <testcase name="searchSomething" time="0.009" classname="TestClassTwo">
    <failure type="support.NewException" message="Wrong value income">
      <![CDATA[support.NewException: Wrong value income
at TestClassTwo.searchSomething(TestClassTwo.java:35)
... Removed 29 stack frames]]>
    </failure>
  </testcase> <!-- searchSomething -->
  <testcase name="searchTest" time="0.065" classname="TestClassTwo"/>
</testsuite>
