<?xml version="1.0" encoding="UTF-8"?>
<!-- Generated by org.testng.reporters.JUnitXMLReporter -->
<testsuite hostname="vprybeha-w7" ignored="0" tests="4" failures="1" timestamp="07 Dec 2018 10:39:04 GMT" time="27.561" errors="0">
  <testcase name="searchSomething" time="2.049" classname="TestClass"/>
  <testcase name="searchTest" time="0.023" classname="TestClass"/>
  <testcase name="searchSomething" time="0.003" classname="TestClassTwo">
    <failure type="support.NewException" message="Wrong value income">
      <![CDATA[support.NewException: Wrong value income
at TestClassTwo.searchSomething(TestClassTwo.java:34)
... Removed 29 stack frames]]>
    </failure>
  </testcase> <!-- searchSomething -->
  <testcase name="searchTest" time="0.019" classname="TestClassTwo"/>
</testsuite>
