<?xml version="1.0" encoding="UTF-8"?>
<!-- Generated by org.testng.reporters.JUnitXMLReporter -->
<testsuite hostname="vprybeha-w7" ignored="0" name="FirefoxTests" tests="3" failures="0" timestamp="05 Dec 2018 15:51:31 GMT" time="0.072" errors="0">
  <testcase name="@BeforeMethod setup" time="0.056" classname="tests.SupportClasses.SetupClass">
    <failure type="java.lang.IllegalStateException" message="The path to the driver executable must be set by the webdriver.gecko.driver system property; for more information, see https://github.com/mozilla/geckodriver. The latest version can be downloaded from https://github.com/mozilla/geckodriver/releases">
      <![CDATA[java.lang.IllegalStateException: The path to the driver executable must be set by the webdriver.gecko.driver system property; for more information, see https://github.com/mozilla/geckodriver. The latest version can be downloaded from https://github.com/mozilla/geckodriver/releases
at com.google.common.base.Preconditions.checkState(Preconditions.java:847)
at org.openqa.selenium.remote.service.DriverService.findExecutable(DriverService.java:125)
at org.openqa.selenium.firefox.GeckoDriverService.access$100(GeckoDriverService.java:43)
at org.openqa.selenium.firefox.GeckoDriverService$Builder.findDefaultExecutable(GeckoDriverService.java:168)
at org.openqa.selenium.remote.service.DriverService$Builder.build(DriverService.java:346)
at org.openqa.selenium.firefox.FirefoxDriver.toExecutor(FirefoxDriver.java:168)
at org.openqa.selenium.firefox.FirefoxDriver.<init>(FirefoxDriver.java:125)
at tests.SupportClasses.SetupClass.setup(SetupClass.java:32)
... Removed 32 stack frames]]>
    </failure>
  </testcase> <!-- @BeforeMethod setup -->
  <testcase name="@AfterMethod teardown" time="0.0" classname="tests.SupportClasses.SetupClass">
    <skipped/>
  </testcase> <!-- @AfterMethod teardown -->
  <testcase name="@BeforeMethod setup" time="0.0" classname="tests.SupportClasses.SetupClass">
    <skipped/>
  </testcase> <!-- @BeforeMethod setup -->
  <testcase name="@AfterMethod teardown" time="0.0" classname="tests.SupportClasses.SetupClass">
    <skipped/>
  </testcase> <!-- @AfterMethod teardown -->
  <testcase name="@BeforeMethod setup" time="0.0" classname="tests.SupportClasses.SetupClass">
    <skipped/>
  </testcase> <!-- @BeforeMethod setup -->
  <testcase name="@AfterMethod teardown" time="0.0" classname="tests.SupportClasses.SetupClass">
    <skipped/>
  </testcase> <!-- @AfterMethod teardown -->
  <testcase name="First" time="0.0" classname="tests.TestClass">
    <skipped/>
  </testcase> <!-- First -->
  <testcase name="Second" time="0.0" classname="tests.TestClass">
    <skipped/>
  </testcase> <!-- Second -->
  <testcase name="Third" time="0.0" classname="tests.TestClass">
    <skipped/>
  </testcase> <!-- Third -->
</testsuite> <!-- FirefoxTests -->
