<?xml version="1.0" encoding="UTF-8"?>
<!-- Generated by org.testng.reporters.JUnitXMLReporter -->
<testsuite hostname="vprybeha-w7" ignored="0" tests="4" failures="0" timestamp="26 Nov 2018 17:10:01 GMT" time="18.935" errors="0">
  <testcase name="First" time="0.033" classname="TestClass"/>
  <testcase name="Second" time="0.023" classname="TestClass"/>
  <testcase name="Third" time="0.0" classname="TestClass"/>
  <testcase name="OtherTest" time="0.001" classname="SecondTestClass"/>
</testsuite>
