<?xml version="1.0" encoding="UTF-8"?>
<testng-results skipped="0" failed="0" ignored="0" total="1" passed="1">
  <reporter-output>
  </reporter-output>
  <suite name="Suite1" duration-ms="9380" started-at="2018-12-06T12:28:33Z" finished-at="2018-12-06T12:28:42Z">
    <groups>
    </groups>
    <test name="ChromeTests" duration-ms="9380" started-at="2018-12-06T12:28:33Z" finished-at="2018-12-06T12:28:42Z">
      <class name="TestClass">
        <test-method status="PASS" signature="BeforeActions()[pri:0, instance:TestClass@57402ba1]" name="BeforeActions" is-config="true" duration-ms="7935" started-at="2018-12-06T12:28:33Z" finished-at="2018-12-06T12:28:41Z">
          <reporter-output>
          </reporter-output>
        </test-method> <!-- BeforeActions -->
        <test-method status="PASS" signature="searchTest()[pri:0, instance:TestClass@57402ba1]" name="searchTest" duration-ms="299" started-at="2018-12-06T12:28:41Z" finished-at="2018-12-06T12:28:41Z">
          <reporter-output>
          </reporter-output>
        </test-method> <!-- searchTest -->
        <test-method status="PASS" signature="AfterActions()[pri:0, instance:TestClass@57402ba1]" name="AfterActions" is-config="true" duration-ms="982" started-at="2018-12-06T12:28:41Z" finished-at="2018-12-06T12:28:42Z">
          <reporter-output>
          </reporter-output>
        </test-method> <!-- AfterActions -->
      </class> <!-- TestClass -->
    </test> <!-- ChromeTests -->
  </suite> <!-- Suite1 -->
</testng-results>
